# JRE version: OpenJDK Runtime Environment Temurin-21.0.10+7 (21.0.10+7) (build 21.0.10+7-LTS)
# Java VM: OpenJDK 64-Bit Server VM Temurin-21.0.10+7 (21.0.10+7-LTS, mixed mode, sharing, tiered, compressed oops, compressed class ptrs, g1 gc, windows-amd64)
GC Precious Log:
 CardTable entry size: 512
 Card Set container configuration: InlinePtr #cards 4 size 8 Array Of Cards #cards 32 size 80 Howl #buckets 8 coarsen threshold 7372 Howl Bitmap #cards 1024 size 144 coarsen threshold 921 Card regions per heap region 1 cards per card region 8192
 CPUs: 8 total, 8 available
 Memory: 7887M
 Large Page Support: Disabled
 NUMA Support: Disabled
 Compressed Oops: Enabled (Zero based)
 Heap Region Size: 4M
 Heap Min Capacity: 8M
 Heap Initial Capacity: 124M
 Heap Max Capacity: 8G
 Pre-touch: Disabled
 Parallel Workers: 8
 Concurrent Workers: 2
 Concurrent Refinement Workers: 8
 Periodic GC: Disabled
Heap:
 garbage-first heap   total 139264K, used 60147K [0x0000000600000000, 0x0000000800000000)
  region size 4096K, 8 young (32768K), 2 survivors (8192K)
 Metaspace       used 39401K, committed 40384K, reserved 1114112K
  class space    used 5613K, committed 6080K, reserved 1048576K
GC Heap History (20 events):
Event: 1.075 GC heap before
{Heap before GC invocations=0 (full 0):
 garbage-first heap   total 126976K, used 20480K [0x0000000600000000, 0x0000000800000000)
  region size 4096K, 5 young (20480K), 0 survivors (0K)
 Metaspace       used 875K, committed 1024K, reserved 1114112K
  class space    used 71K, committed 128K, reserved 1048576K
}
Event: 1.081 GC heap after
{Heap after GC invocations=1 (full 0):
 garbage-first heap   total 126976K, used 1536K [0x0000000600000000, 0x0000000800000000)
  region size 4096K, 1 young (4096K), 1 survivors (4096K)
 Metaspace       used 875K, committed 1024K, reserved 1114112K
  class space    used 71K, committed 128K, reserved 1048576K
}
Event: 2.459 GC heap before
{Heap before GC invocations=1 (full 0):
 garbage-first heap   total 126976K, used 42496K [0x0000000600000000, 0x0000000800000000)
  region size 4096K, 10 young (40960K), 1 survivors (4096K)
 Metaspace       used 4377K, committed 4544K, reserved 1114112K
  class space    used 558K, committed 640K, reserved 1048576K
}
Event: 2.472 GC heap after
{Heap after GC invocations=2 (full 0):
 garbage-first heap   total 126976K, used 12071K [0x0000000600000000, 0x0000000800000000)
  region size 4096K, 2 young (8192K), 2 survivors (8192K)
 Metaspace       used 4377K, committed 4544K, reserved 1114112K
  class space    used 558K, committed 640K, reserved 1048576K
}
Event: 4.765 GC heap before
{Heap before GC invocations=2 (full 0):
 garbage-first heap   total 126976K, used 73511K [0x0000000600000000, 0x0000000800000000)
  region size 4096K, 17 young (69632K), 2 survivors (8192K)
 Metaspace       used 7754K, committed 8000K, reserved 1114112K
  class space    used 1051K, committed 1152K, reserved 1048576K
}
Event: 4.781 GC heap after
{Heap after GC invocations=3 (full 0):
 garbage-first heap   total 126976K, used 18896K [0x0000000600000000, 0x0000000800000000)
  region size 4096K, 2 young (8192K), 2 survivors (8192K)
 Metaspace       used 7754K, committed 8000K, reserved 1114112K
  class space    used 1051K, committed 1152K, reserved 1048576K
}
Event: 17.228 GC heap before
{Heap before GC invocations=3 (full 0):
 garbage-first heap   total 126976K, used 84432K [0x0000000600000000, 0x0000000800000000)
  region size 4096K, 18 young (73728K), 2 survivors (8192K)
 Metaspace       used 18936K, committed 19584K, reserved 1114112K
  class space    used 2760K, committed 3072K, reserved 1048576K
}
Event: 17.251 GC heap after
{Heap after GC invocations=4 (full 0):
 garbage-first heap   total 126976K, used 24001K [0x0000000600000000, 0x0000000800000000)
  region size 4096K, 2 young (8192K), 2 survivors (8192K)
 Metaspace       used 18936K, committed 19584K, reserved 1114112K
  class space    used 2760K, committed 3072K, reserved 1048576K
}
Event: 26.189 GC heap before
{Heap before GC invocations=4 (full 0):
 garbage-first heap   total 126976K, used 40385K [0x0000000600000000, 0x0000000800000000)
  region size 4096K, 7 young (28672K), 2 survivors (8192K)
 Metaspace       used 20886K, committed 21504K, reserved 1114112K
  class space    used 3083K, committed 3392K, reserved 1048576K
}
Event: 26.495 GC heap after
{Heap after GC invocations=5 (full 0):
 garbage-first heap   total 126976K, used 25336K [0x0000000600000000, 0x0000000800000000)
  region size 4096K, 2 young (8192K), 2 survivors (8192K)
 Metaspace       used 20886K, committed 21504K, reserved 1114112K
  class space    used 3083K, committed 3392K, reserved 1048576K
}
Event: 40.611 GC heap before
{Heap before GC invocations=6 (full 0):
 garbage-first heap   total 98304K, used 86776K [0x0000000600000000, 0x0000000800000000)
  region size 4096K, 18 young (73728K), 2 survivors (8192K)
 Metaspace       used 28913K, committed 29824K, reserved 1114112K
  class space    used 4249K, committed 4736K, reserved 1048576K
}
Event: 40.830 GC heap after
{Heap after GC invocations=7 (full 0):
 garbage-first heap   total 106496K, used 29967K [0x0000000600000000, 0x0000000800000000)
  region size 4096K, 3 young (12288K), 3 survivors (12288K)
 Metaspace       used 28913K, committed 29824K, reserved 1114112K
  class space    used 4249K, committed 4736K, reserved 1048576K
}
Event: 41.403 GC heap before
{Heap before GC invocations=7 (full 0):
 garbage-first heap   total 106496K, used 38159K [0x0000000600000000, 0x0000000800000000)
  region size 4096K, 5 young (20480K), 3 survivors (12288K)
 Metaspace       used 28966K, committed 29952K, reserved 1114112K
  class space    used 4256K, committed 4736K, reserved 1048576K
}
Event: 41.523 GC heap after
{Heap after GC invocations=8 (full 0):
 garbage-first heap   total 106496K, used 29801K [0x0000000600000000, 0x0000000800000000)
  region size 4096K, 1 young (4096K), 1 survivors (4096K)
 Metaspace       used 28966K, committed 29952K, reserved 1114112K
  class space    used 4256K, committed 4736K, reserved 1048576K
}
Event: 45.594 GC heap before
{Heap before GC invocations=8 (full 0):
 garbage-first heap   total 106496K, used 87145K [0x0000000600000000, 0x0000000800000000)
  region size 4096K, 15 young (61440K), 1 survivors (4096K)
 Metaspace       used 31616K, committed 32512K, reserved 1114112K
  class space    used 4686K, committed 5120K, reserved 1048576K
}
Event: 45.701 GC heap after
{Heap after GC invocations=9 (full 0):
 garbage-first heap   total 106496K, used 33511K [0x0000000600000000, 0x0000000800000000)
  region size 4096K, 2 young (8192K), 2 survivors (8192K)
 Metaspace       used 31616K, committed 32512K, reserved 1114112K
  class space    used 4686K, committed 5120K, reserved 1048576K
}
Event: 46.487 GC heap before
{Heap before GC invocations=9 (full 0):
 garbage-first heap   total 106496K, used 86759K [0x0000000600000000, 0x0000000800000000)
  region size 4096K, 15 young (61440K), 2 survivors (8192K)
 Metaspace       used 31765K, committed 32640K, reserved 1114112K
  class space    used 4703K, committed 5120K, reserved 1048576K
}
Event: 46.507 GC heap after
{Heap after GC invocations=10 (full 0):
 garbage-first heap   total 176128K, used 35619K [0x0000000600000000, 0x0000000800000000)
  region size 4096K, 1 young (4096K), 1 survivors (4096K)
 Metaspace       used 31765K, committed 32640K, reserved 1114112K
  class space    used 4703K, committed 5120K, reserved 1048576K
}
Event: 51.449 GC heap before
{Heap before GC invocations=10 (full 0):
 garbage-first heap   total 176128K, used 105251K [0x0000000600000000, 0x0000000800000000)
  region size 4096K, 19 young (77824K), 1 survivors (4096K)
 Metaspace       used 35062K, committed 35968K, reserved 1114112K
  class space    used 5129K, committed 5568K, reserved 1048576K
}
Event: 51.462 GC heap after
{Heap after GC invocations=11 (full 0):
 garbage-first heap   total 176128K, used 39667K [0x0000000600000000, 0x0000000800000000)
  region size 4096K, 2 young (8192K), 2 survivors (8192K)
 Metaspace       used 35062K, committed 35968K, reserved 1114112K
  class space    used 5129K, committed 5568K, reserved 1048576K
}

