# JRE version: OpenJDK Runtime Environment Temurin-21.0.10+7 (21.0.10+7) (build 21.0.10+7-LTS)
# Java VM: OpenJDK 64-Bit Server VM Temurin-21.0.10+7 (21.0.10+7-LTS, mixed mode, sharing, tiered, compressed oops, compressed class ptrs, parallel gc, windows-amd64)
GC Precious Log:
 CardTable entry size: 512
 CPUs: 8 total, 8 available
 Memory: 7887M
 Large Page Support: Disabled
 NUMA Support: Disabled
 Compressed Oops: Enabled (32-bit)
 Alignments: Space 512K, Generation 512K, Heap 2M
 Heap Min Capacity: 100M
 Heap Initial Capacity: 100M
 Heap Max Capacity: 2G
 Pre-touch: Disabled
 Parallel Workers: 8
Heap:
 PSYoungGen      total 8704K, used 8403K [0x00000000d5580000, 0x00000000d5f00000, 0x0000000100000000)
  eden space 7680K, 100% used [0x00000000d5580000,0x00000000d5d00000,0x00000000d5d00000)
  from space 1024K, 70% used [0x00000000d5e00000,0x00000000d5eb4d80,0x00000000d5f00000)
  to   space 1024K, 62% used [0x00000000d5d00000,0x00000000d5da0000,0x00000000d5e00000)
 ParOldGen       total 929280K, used 929273K [0x0000000080000000, 0x00000000b8b80000, 0x00000000d5580000)
  object space 929280K, 99% used [0x0000000080000000,0x00000000b8b7e550,0x00000000b8b80000)
 Metaspace       used 72588K, committed 74176K, reserved 1114112K
  class space    used 8920K, committed 9600K, reserved 1048576K
GC Heap History (20 events):
Event: 205.103 GC heap before
{Heap before GC invocations=2996 (full 3):
 PSYoungGen      total 8704K, used 8464K [0x00000000d5580000, 0x00000000d5f00000, 0x0000000100000000)
  eden space 7680K, 100% used [0x00000000d5580000,0x00000000d5d00000,0x00000000d5d00000)
  from space 1024K, 76% used [0x00000000d5e00000,0x00000000d5ec4010,0x00000000d5f00000)
  to   space 1024K, 0% used [0x00000000d5d00000,0x00000000d5d00000,0x00000000d5e00000)
 ParOldGen       total 921600K, used 921237K [0x0000000080000000, 0x00000000b8400000, 0x00000000d5580000)
  object space 921600K, 99% used [0x0000000080000000,0x00000000b83a5590,0x00000000b8400000)
 Metaspace       used 72526K, committed 74176K, reserved 1114112K
  class space    used 8920K, committed 9600K, reserved 1048576K
}
Event: 205.112 GC heap after
{Heap after GC invocations=2996 (full 3):
 PSYoungGen      total 8704K, used 800K [0x00000000d5580000, 0x00000000d5f00000, 0x0000000100000000)
  eden space 7680K, 0% used [0x00000000d5580000,0x00000000d5580000,0x00000000d5d00000)
  from space 1024K, 78% used [0x00000000d5d00000,0x00000000d5dc8000,0x00000000d5e00000)
  to   space 1024K, 0% used [0x00000000d5e00000,0x00000000d5e00000,0x00000000d5f00000)
 ParOldGen       total 922112K, used 921885K [0x0000000080000000, 0x00000000b8480000, 0x00000000d5580000)
  object space 922112K, 99% used [0x0000000080000000,0x00000000b84475a0,0x00000000b8480000)
 Metaspace       used 72526K, committed 74176K, reserved 1114112K
  class space    used 8920K, committed 9600K, reserved 1048576K
}
Event: 205.173 GC heap before
{Heap before GC invocations=2997 (full 3):
 PSYoungGen      total 8704K, used 8480K [0x00000000d5580000, 0x00000000d5f00000, 0x0000000100000000)
  eden space 7680K, 100% used [0x00000000d5580000,0x00000000d5d00000,0x00000000d5d00000)
  from space 1024K, 78% used [0x00000000d5d00000,0x00000000d5dc8000,0x00000000d5e00000)
  to   space 1024K, 0% used [0x00000000d5e00000,0x00000000d5e00000,0x00000000d5f00000)
 ParOldGen       total 922112K, used 921933K [0x0000000080000000, 0x00000000b8480000, 0x00000000d5580000)
  object space 922112K, 99% used [0x0000000080000000,0x00000000b8453540,0x00000000b8480000)
 Metaspace       used 72527K, committed 74176K, reserved 1114112K
  class space    used 8920K, committed 9600K, reserved 1048576K
}
Event: 205.176 GC heap after
{Heap after GC invocations=2997 (full 3):
 PSYoungGen      total 8704K, used 704K [0x00000000d5580000, 0x00000000d5f00000, 0x0000000100000000)
  eden space 7680K, 0% used [0x00000000d5580000,0x00000000d5580000,0x00000000d5d00000)
  from space 1024K, 68% used [0x00000000d5e00000,0x00000000d5eb0000,0x00000000d5f00000)
  to   space 1024K, 0% used [0x00000000d5d00000,0x00000000d5d00000,0x00000000d5e00000)
 ParOldGen       total 922624K, used 922597K [0x0000000080000000, 0x00000000b8500000, 0x00000000d5580000)
  object space 922624K, 99% used [0x0000000080000000,0x00000000b84f9540,0x00000000b8500000)
 Metaspace       used 72527K, committed 74176K, reserved 1114112K
  class space    used 8920K, committed 9600K, reserved 1048576K
}
Event: 205.252 GC heap before
{Heap before GC invocations=2998 (full 3):
 PSYoungGen      total 8704K, used 8384K [0x00000000d5580000, 0x00000000d5f00000, 0x0000000100000000)
  eden space 7680K, 100% used [0x00000000d5580000,0x00000000d5d00000,0x00000000d5d00000)
  from space 1024K, 68% used [0x00000000d5e00000,0x00000000d5eb0000,0x00000000d5f00000)
  to   space 1024K, 0% used [0x00000000d5d00000,0x00000000d5d00000,0x00000000d5e00000)
 ParOldGen       total 922624K, used 922597K [0x0000000080000000, 0x00000000b8500000, 0x00000000d5580000)
  object space 922624K, 99% used [0x0000000080000000,0x00000000b84f9540,0x00000000b8500000)
 Metaspace       used 72536K, committed 74176K, reserved 1114112K
  class space    used 8920K, committed 9600K, reserved 1048576K
}
Event: 205.257 GC heap after
{Heap after GC invocations=2998 (full 3):
 PSYoungGen      total 8704K, used 992K [0x00000000d5580000, 0x00000000d6000000, 0x0000000100000000)
  eden space 7680K, 0% used [0x00000000d5580000,0x00000000d5580000,0x00000000d5d00000)
  from space 1024K, 96% used [0x00000000d5d00000,0x00000000d5df8000,0x00000000d5e00000)
  to   space 1536K, 0% used [0x00000000d5e80000,0x00000000d5e80000,0x00000000d6000000)
 ParOldGen       total 923648K, used 923173K [0x0000000080000000, 0x00000000b8600000, 0x00000000d5580000)
  object space 923648K, 99% used [0x0000000080000000,0x00000000b8589540,0x00000000b8600000)
 Metaspace       used 72536K, committed 74176K, reserved 1114112K
  class space    used 8920K, committed 9600K, reserved 1048576K
}
Event: 205.321 GC heap before
{Heap before GC invocations=2999 (full 3):
 PSYoungGen      total 8704K, used 8672K [0x00000000d5580000, 0x00000000d6000000, 0x0000000100000000)
  eden space 7680K, 100% used [0x00000000d5580000,0x00000000d5d00000,0x00000000d5d00000)
  from space 1024K, 96% used [0x00000000d5d00000,0x00000000d5df8000,0x00000000d5e00000)
  to   space 1536K, 0% used [0x00000000d5e80000,0x00000000d5e80000,0x00000000d6000000)
 ParOldGen       total 923648K, used 923173K [0x0000000080000000, 0x00000000b8600000, 0x00000000d5580000)
  object space 923648K, 99% used [0x0000000080000000,0x00000000b8589540,0x00000000b8600000)
 Metaspace       used 72542K, committed 74176K, reserved 1114112K
  class space    used 8920K, committed 9600K, reserved 1048576K
}
Event: 205.325 GC heap after
{Heap after GC invocations=2999 (full 3):
 PSYoungGen      total 9216K, used 1056K [0x00000000d5580000, 0x00000000d6000000, 0x0000000100000000)
  eden space 7680K, 0% used [0x00000000d5580000,0x00000000d5580000,0x00000000d5d00000)
  from space 1536K, 68% used [0x00000000d5e80000,0x00000000d5f88000,0x00000000d6000000)
  to   space 1536K, 0% used [0x00000000d5d00000,0x00000000d5d00000,0x00000000d5e80000)
 ParOldGen       total 924160K, used 924093K [0x0000000080000000, 0x00000000b8680000, 0x00000000d5580000)
  object space 924160K, 99% used [0x0000000080000000,0x00000000b866f540,0x00000000b8680000)
 Metaspace       used 72542K, committed 74176K, reserved 1114112K
  class space    used 8920K, committed 9600K, reserved 1048576K
}
Event: 205.403 GC heap before
{Heap before GC invocations=3000 (full 3):
 PSYoungGen      total 9216K, used 8736K [0x00000000d5580000, 0x00000000d6000000, 0x0000000100000000)
  eden space 7680K, 100% used [0x00000000d5580000,0x00000000d5d00000,0x00000000d5d00000)
  from space 1536K, 68% used [0x00000000d5e80000,0x00000000d5f88000,0x00000000d6000000)
  to   space 1536K, 0% used [0x00000000d5d00000,0x00000000d5d00000,0x00000000d5e80000)
 ParOldGen       total 924160K, used 924093K [0x0000000080000000, 0x00000000b8680000, 0x00000000d5580000)
  object space 924160K, 99% used [0x0000000080000000,0x00000000b866f540,0x00000000b8680000)
 Metaspace       used 72552K, committed 74176K, reserved 1114112K
  class space    used 8920K, committed 9600K, reserved 1048576K
}
Event: 205.409 GC heap after
{Heap after GC invocations=3000 (full 3):
 PSYoungGen      total 8704K, used 992K [0x00000000d5580000, 0x00000000d5f00000, 0x0000000100000000)
  eden space 7680K, 0% used [0x00000000d5580000,0x00000000d5580000,0x00000000d5d00000)
  from space 1024K, 96% used [0x00000000d5d00000,0x00000000d5df8000,0x00000000d5e00000)
  to   space 1024K, 0% used [0x00000000d5e00000,0x00000000d5e00000,0x00000000d5f00000)
 ParOldGen       total 925184K, used 925073K [0x0000000080000000, 0x00000000b8780000, 0x00000000d5580000)
  object space 925184K, 99% used [0x0000000080000000,0x00000000b8764550,0x00000000b8780000)
 Metaspace       used 72552K, committed 74176K, reserved 1114112K
  class space    used 8920K, committed 9600K, reserved 1048576K
}
Event: 205.491 GC heap before
{Heap before GC invocations=3001 (full 3):
 PSYoungGen      total 8704K, used 8672K [0x00000000d5580000, 0x00000000d5f00000, 0x0000000100000000)
  eden space 7680K, 100% used [0x00000000d5580000,0x00000000d5d00000,0x00000000d5d00000)
  from space 1024K, 96% used [0x00000000d5d00000,0x00000000d5df8000,0x00000000d5e00000)
  to   space 1024K, 0% used [0x00000000d5e00000,0x00000000d5e00000,0x00000000d5f00000)
 ParOldGen       total 925184K, used 925073K [0x0000000080000000, 0x00000000b8780000, 0x00000000d5580000)
  object space 925184K, 99% used [0x0000000080000000,0x00000000b8764550,0x00000000b8780000)
 Metaspace       used 72557K, committed 74176K, reserved 1114112K
  class space    used 8920K, committed 9600K, reserved 1048576K
}
Event: 205.498 GC heap after
{Heap after GC invocations=3001 (full 3):
 PSYoungGen      total 8704K, used 912K [0x00000000d5580000, 0x00000000d5f00000, 0x0000000100000000)
  eden space 7680K, 0% used [0x00000000d5580000,0x00000000d5580000,0x00000000d5d00000)
  from space 1024K, 89% used [0x00000000d5e00000,0x00000000d5ee4010,0x00000000d5f00000)
  to   space 1024K, 0% used [0x00000000d5d00000,0x00000000d5d00000,0x00000000d5e00000)
 ParOldGen       total 926208K, used 925969K [0x0000000080000000, 0x00000000b8880000, 0x00000000d5580000)
  object space 926208K, 99% used [0x0000000080000000,0x00000000b8844550,0x00000000b8880000)
 Metaspace       used 72557K, committed 74176K, reserved 1114112K
  class space    used 8920K, committed 9600K, reserved 1048576K
}
Event: 205.559 GC heap before
{Heap before GC invocations=3002 (full 3):
 PSYoungGen      total 8704K, used 8592K [0x00000000d5580000, 0x00000000d5f00000, 0x0000000100000000)
  eden space 7680K, 100% used [0x00000000d5580000,0x00000000d5d00000,0x00000000d5d00000)
  from space 1024K, 89% used [0x00000000d5e00000,0x00000000d5ee4010,0x00000000d5f00000)
  to   space 1024K, 0% used [0x00000000d5d00000,0x00000000d5d00000,0x00000000d5e00000)
 ParOldGen       total 926208K, used 925969K [0x0000000080000000, 0x00000000b8880000, 0x00000000d5580000)
  object space 926208K, 99% used [0x0000000080000000,0x00000000b8844550,0x00000000b8880000)
 Metaspace       used 72557K, committed 74176K, reserved 1114112K
  class space    used 8920K, committed 9600K, reserved 1048576K
}
Event: 205.564 GC heap after
{Heap after GC invocations=3002 (full 3):
 PSYoungGen      total 8704K, used 832K [0x00000000d5580000, 0x00000000d5f00000, 0x0000000100000000)
  eden space 7680K, 0% used [0x00000000d5580000,0x00000000d5580000,0x00000000d5d00000)
  from space 1024K, 81% used [0x00000000d5d00000,0x00000000d5dd0000,0x00000000d5e00000)
  to   space 1024K, 0% used [0x00000000d5e00000,0x00000000d5e00000,0x00000000d5f00000)
 ParOldGen       total 927232K, used 926729K [0x0000000080000000, 0x00000000b8980000, 0x00000000d5580000)
  object space 927232K, 99% used [0x0000000080000000,0x00000000b8902550,0x00000000b8980000)
 Metaspace       used 72557K, committed 74176K, reserved 1114112K
  class space    used 8920K, committed 9600K, reserved 1048576K
}
Event: 205.635 GC heap before
{Heap before GC invocations=3003 (full 3):
 PSYoungGen      total 8704K, used 8512K [0x00000000d5580000, 0x00000000d5f00000, 0x0000000100000000)
  eden space 7680K, 100% used [0x00000000d5580000,0x00000000d5d00000,0x00000000d5d00000)
  from space 1024K, 81% used [0x00000000d5d00000,0x00000000d5dd0000,0x00000000d5e00000)
  to   space 1024K, 0% used [0x00000000d5e00000,0x00000000d5e00000,0x00000000d5f00000)
 ParOldGen       total 927232K, used 926729K [0x0000000080000000, 0x00000000b8980000, 0x00000000d5580000)
  object space 927232K, 99% used [0x0000000080000000,0x00000000b8902550,0x00000000b8980000)
 Metaspace       used 72557K, committed 74176K, reserved 1114112K
  class space    used 8920K, committed 9600K, reserved 1048576K
}
Event: 205.639 GC heap after
{Heap after GC invocations=3003 (full 3):
 PSYoungGen      total 8704K, used 736K [0x00000000d5580000, 0x00000000d5f00000, 0x0000000100000000)
  eden space 7680K, 0% used [0x00000000d5580000,0x00000000d5580000,0x00000000d5d00000)
  from space 1024K, 71% used [0x00000000d5e00000,0x00000000d5eb8000,0x00000000d5f00000)
  to   space 1024K, 0% used [0x00000000d5d00000,0x00000000d5d00000,0x00000000d5e00000)
 ParOldGen       total 927744K, used 927449K [0x0000000080000000, 0x00000000b8a00000, 0x00000000d5580000)
  object space 927744K, 99% used [0x0000000080000000,0x00000000b89b6550,0x00000000b8a00000)
 Metaspace       used 72557K, committed 74176K, reserved 1114112K
  class space    used 8920K, committed 9600K, reserved 1048576K
}
Event: 205.720 GC heap before
{Heap before GC invocations=3004 (full 3):
 PSYoungGen      total 8704K, used 8416K [0x00000000d5580000, 0x00000000d5f00000, 0x0000000100000000)
  eden space 7680K, 100% used [0x00000000d5580000,0x00000000d5d00000,0x00000000d5d00000)
  from space 1024K, 71% used [0x00000000d5e00000,0x00000000d5eb8000,0x00000000d5f00000)
  to   space 1024K, 0% used [0x00000000d5d00000,0x00000000d5d00000,0x00000000d5e00000)
 ParOldGen       total 927744K, used 927449K [0x0000000080000000, 0x00000000b8a00000, 0x00000000d5580000)
  object space 927744K, 99% used [0x0000000080000000,0x00000000b89b6550,0x00000000b8a00000)
 Metaspace       used 72557K, committed 74176K, reserved 1114112K
  class space    used 8920K, committed 9600K, reserved 1048576K
}
Event: 205.725 GC heap after
{Heap after GC invocations=3004 (full 3):
 PSYoungGen      total 8704K, used 804K [0x00000000d5580000, 0x00000000d5f00000, 0x0000000100000000)
  eden space 7680K, 0% used [0x00000000d5580000,0x00000000d5580000,0x00000000d5d00000)
  from space 1024K, 78% used [0x00000000d5d00000,0x00000000d5dc93a8,0x00000000d5e00000)
  to   space 1024K, 0% used [0x00000000d5e00000,0x00000000d5e00000,0x00000000d5f00000)
 ParOldGen       total 928256K, used 928081K [0x0000000080000000, 0x00000000b8a80000, 0x00000000d5580000)
  object space 928256K, 99% used [0x0000000080000000,0x00000000b8a54550,0x00000000b8a80000)
 Metaspace       used 72557K, committed 74176K, reserved 1114112K
  class space    used 8920K, committed 9600K, reserved 1048576K
}
Event: 205.850 GC heap before
{Heap before GC invocations=3005 (full 3):
 PSYoungGen      total 8704K, used 8484K [0x00000000d5580000, 0x00000000d5f00000, 0x0000000100000000)
  eden space 7680K, 100% used [0x00000000d5580000,0x00000000d5d00000,0x00000000d5d00000)
  from space 1024K, 78% used [0x00000000d5d00000,0x00000000d5dc93a8,0x00000000d5e00000)
  to   space 1024K, 0% used [0x00000000d5e00000,0x00000000d5e00000,0x00000000d5f00000)
 ParOldGen       total 928256K, used 928081K [0x0000000080000000, 0x00000000b8a80000, 0x00000000d5580000)
  object space 928256K, 99% used [0x0000000080000000,0x00000000b8a54550,0x00000000b8a80000)
 Metaspace       used 72568K, committed 74176K, reserved 1114112K
  class space    used 8920K, committed 9600K, reserved 1048576K
}
Event: 205.856 GC heap after
{Heap after GC invocations=3005 (full 3):
 PSYoungGen      total 8704K, used 723K [0x00000000d5580000, 0x00000000d5f00000, 0x0000000100000000)
  eden space 7680K, 0% used [0x00000000d5580000,0x00000000d5580000,0x00000000d5d00000)
  from space 1024K, 70% used [0x00000000d5e00000,0x00000000d5eb4d80,0x00000000d5f00000)
  to   space 1024K, 0% used [0x00000000d5d00000,0x00000000d5d00000,0x00000000d5e00000)
 ParOldGen       total 928768K, used 928713K [0x0000000080000000, 0x00000000b8b00000, 0x00000000d5580000)
  object space 928768K, 99% used [0x0000000080000000,0x00000000b8af2550,0x00000000b8b00000)
 Metaspace       used 72568K, committed 74176K, reserved 1114112K
  class space    used 8920K, committed 9600K, reserved 1048576K
}

